<?xml version="1.0" encoding="UTF-8"?>
<!-- Generated by org.testng.reporters.JUnitReportReporter -->
<testsuite hostname="DESKTOP-TQ5Q620" failures="0" tests="1" name="Piit.training.session.AmazonTestNGFramework.AmazonToPurchase" time="13.779" errors="0" timestamp="2022-10-18T22:17:44 EDT" skipped="0">
  <testcase classname="Piit.training.session.AmazonTestNGFramework.AmazonToPurchase" name="f" time="13.779"/>
  <system-out/>
</testsuite> <!-- Piit.training.session.AmazonTestNGFramework.AmazonToPurchase -->
